{"/Users/nishranjan/NodeProjects/task-management/src/app.js": {"path":"/Users/nishranjan/NodeProjects/task-management/src/app.js","statementMap":{"0":{"start":{"line":1,"column":16},"end":{"line":1,"column":34}},"1":{"start":{"line":2,"column":17},"end":{"line":2,"column":36}},"2":{"start":{"line":3,"column":12},"end":{"line":3,"column":35}},"3":{"start":{"line":5,"column":18},"end":{"line":5,"column":42}},"4":{"start":{"line":6,"column":18},"end":{"line":6,"column":48}},"5":{"start":{"line":7,"column":18},"end":{"line":7,"column":47}},"6":{"start":{"line":9,"column":0},"end":{"line":9,"column":18}},"7":{"start":{"line":10,"column":0},"end":{"line":10,"column":12}},"8":{"start":{"line":12,"column":12},"end":{"line":12,"column":21}},"9":{"start":{"line":21,"column":0},"end":{"line":21,"column":24}},"10":{"start":{"line":23,"column":0},"end":{"line":23,"column":19}},"11":{"start":{"line":24,"column":0},"end":{"line":24,"column":19}},"12":{"start":{"line":26,"column":0},"end":{"line":26,"column":21}}},"fnMap":{},"branchMap":{},"s":{"0":2,"1":2,"2":2,"3":2,"4":2,"5":2,"6":2,"7":2,"8":2,"9":2,"10":2,"11":2,"12":2},"f":{},"b":{},"_coverageSchema":"1a1c01bbd47fc00a2c39e90264f33305004495a9","hash":"d8731b8c3e7dd17278f74bf39fce17fe35b19b4a"}
,"/Users/nishranjan/NodeProjects/task-management/src/controller/userController.js": {"path":"/Users/nishranjan/NodeProjects/task-management/src/controller/userController.js","statementMap":{"0":{"start":{"line":1,"column":13},"end":{"line":1,"column":38}},"1":{"start":{"line":2,"column":40},"end":{"line":2,"column":68}},"2":{"start":{"line":4,"column":0},"end":{"line":14,"column":2}},"3":{"start":{"line":5,"column":15},"end":{"line":5,"column":39}},"4":{"start":{"line":6,"column":2},"end":{"line":13,"column":3}},"5":{"start":{"line":7,"column":4},"end":{"line":7,"column":22}},"6":{"start":{"line":8,"column":4},"end":{"line":8,"column":61}},"7":{"start":{"line":9,"column":18},"end":{"line":9,"column":43}},"8":{"start":{"line":10,"column":4},"end":{"line":10,"column":42}},"9":{"start":{"line":12,"column":4},"end":{"line":12,"column":32}},"10":{"start":{"line":16,"column":0},"end":{"line":29,"column":2}},"11":{"start":{"line":17,"column":2},"end":{"line":28,"column":3}},"12":{"start":{"line":19,"column":17},"end":{"line":22,"column":5}},"13":{"start":{"line":23,"column":18},"end":{"line":23,"column":43}},"14":{"start":{"line":25,"column":4},"end":{"line":25,"column":30}},"15":{"start":{"line":27,"column":4},"end":{"line":27,"column":27}},"16":{"start":{"line":31,"column":0},"end":{"line":43,"column":2}},"17":{"start":{"line":32,"column":2},"end":{"line":42,"column":3}},"18":{"start":{"line":33,"column":4},"end":{"line":35,"column":6}},"19":{"start":{"line":34,"column":17},"end":{"line":34,"column":42}},"20":{"start":{"line":37,"column":4},"end":{"line":37,"column":26}},"21":{"start":{"line":38,"column":4},"end":{"line":38,"column":26}},"22":{"start":{"line":39,"column":4},"end":{"line":39,"column":15}},"23":{"start":{"line":41,"column":4},"end":{"line":41,"column":27}},"24":{"start":{"line":45,"column":0},"end":{"line":53,"column":2}},"25":{"start":{"line":46,"column":2},"end":{"line":52,"column":3}},"26":{"start":{"line":47,"column":4},"end":{"line":47,"column":25}},"27":{"start":{"line":48,"column":4},"end":{"line":48,"column":26}},"28":{"start":{"line":49,"column":4},"end":{"line":49,"column":15}},"29":{"start":{"line":51,"column":4},"end":{"line":51,"column":27}},"30":{"start":{"line":55,"column":0},"end":{"line":57,"column":2}},"31":{"start":{"line":56,"column":2},"end":{"line":56,"column":21}},"32":{"start":{"line":70,"column":0},"end":{"line":89,"column":2}},"33":{"start":{"line":71,"column":18},"end":{"line":71,"column":39}},"34":{"start":{"line":72,"column":25},"end":{"line":72,"column":66}},"35":{"start":{"line":73,"column":27},"end":{"line":75,"column":3}},"36":{"start":{"line":74,"column":4},"end":{"line":74,"column":35}},"37":{"start":{"line":77,"column":2},"end":{"line":79,"column":3}},"38":{"start":{"line":78,"column":4},"end":{"line":78,"column":62}},"39":{"start":{"line":80,"column":2},"end":{"line":88,"column":3}},"40":{"start":{"line":81,"column":17},"end":{"line":81,"column":50}},"41":{"start":{"line":82,"column":4},"end":{"line":82,"column":67}},"42":{"start":{"line":82,"column":33},"end":{"line":82,"column":64}},"43":{"start":{"line":83,"column":4},"end":{"line":83,"column":22}},"44":{"start":{"line":85,"column":4},"end":{"line":85,"column":31}},"45":{"start":{"line":87,"column":4},"end":{"line":87,"column":27}},"46":{"start":{"line":91,"column":0},"end":{"line":99,"column":2}},"47":{"start":{"line":92,"column":2},"end":{"line":98,"column":3}},"48":{"start":{"line":93,"column":4},"end":{"line":93,"column":28}},"49":{"start":{"line":94,"column":4},"end":{"line":94,"column":59}},"50":{"start":{"line":95,"column":4},"end":{"line":95,"column":27}},"51":{"start":{"line":97,"column":4},"end":{"line":97,"column":27}},"52":{"start":{"line":102,"column":0},"end":{"line":134,"column":2}},"53":{"start":{"line":103,"column":16},"end":{"line":103,"column":18}},"54":{"start":{"line":104,"column":15},"end":{"line":104,"column":17}},"55":{"start":{"line":105,"column":2},"end":{"line":107,"column":3}},"56":{"start":{"line":106,"column":4},"end":{"line":106,"column":57}},"57":{"start":{"line":108,"column":23},"end":{"line":108,"column":39}},"58":{"start":{"line":113,"column":2},"end":{"line":116,"column":3}},"59":{"start":{"line":114,"column":18},"end":{"line":114,"column":45}},"60":{"start":{"line":115,"column":4},"end":{"line":115,"column":50}},"61":{"start":{"line":118,"column":2},"end":{"line":133,"column":3}},"62":{"start":{"line":119,"column":4},"end":{"line":129,"column":22}},"63":{"start":{"line":130,"column":4},"end":{"line":130,"column":29}},"64":{"start":{"line":132,"column":4},"end":{"line":132,"column":27}}},"fnMap":{"0":{"name":"(anonymous_0)","decl":{"start":{"line":4,"column":18},"end":{"line":4,"column":19}},"loc":{"start":{"line":4,"column":38},"end":{"line":14,"column":1}},"line":4},"1":{"name":"(anonymous_1)","decl":{"start":{"line":16,"column":20},"end":{"line":16,"column":21}},"loc":{"start":{"line":16,"column":40},"end":{"line":29,"column":1}},"line":16},"2":{"name":"(anonymous_2)","decl":{"start":{"line":31,"column":21},"end":{"line":31,"column":22}},"loc":{"start":{"line":31,"column":41},"end":{"line":43,"column":1}},"line":31},"3":{"name":"(anonymous_3)","decl":{"start":{"line":34,"column":6},"end":{"line":34,"column":7}},"loc":{"start":{"line":34,"column":17},"end":{"line":34,"column":42}},"line":34},"4":{"name":"(anonymous_4)","decl":{"start":{"line":45,"column":20},"end":{"line":45,"column":21}},"loc":{"start":{"line":45,"column":40},"end":{"line":53,"column":1}},"line":45},"5":{"name":"(anonymous_5)","decl":{"start":{"line":55,"column":16},"end":{"line":55,"column":17}},"loc":{"start":{"line":55,"column":36},"end":{"line":57,"column":1}},"line":55},"6":{"name":"(anonymous_6)","decl":{"start":{"line":70,"column":21},"end":{"line":70,"column":22}},"loc":{"start":{"line":70,"column":41},"end":{"line":89,"column":1}},"line":70},"7":{"name":"(anonymous_7)","decl":{"start":{"line":73,"column":41},"end":{"line":73,"column":42}},"loc":{"start":{"line":74,"column":4},"end":{"line":74,"column":35}},"line":74},"8":{"name":"(anonymous_8)","decl":{"start":{"line":82,"column":20},"end":{"line":82,"column":21}},"loc":{"start":{"line":82,"column":33},"end":{"line":82,"column":64}},"line":82},"9":{"name":"(anonymous_9)","decl":{"start":{"line":91,"column":21},"end":{"line":91,"column":22}},"loc":{"start":{"line":91,"column":41},"end":{"line":99,"column":1}},"line":91},"10":{"name":"(anonymous_10)","decl":{"start":{"line":102,"column":22},"end":{"line":102,"column":23}},"loc":{"start":{"line":102,"column":42},"end":{"line":134,"column":1}},"line":102}},"branchMap":{"0":{"loc":{"start":{"line":77,"column":2},"end":{"line":79,"column":3}},"type":"if","locations":[{"start":{"line":77,"column":2},"end":{"line":79,"column":3}},{"start":{"line":77,"column":2},"end":{"line":79,"column":3}}],"line":77},"1":{"loc":{"start":{"line":105,"column":2},"end":{"line":107,"column":3}},"type":"if","locations":[{"start":{"line":105,"column":2},"end":{"line":107,"column":3}},{"start":{"line":105,"column":2},"end":{"line":107,"column":3}}],"line":105},"2":{"loc":{"start":{"line":113,"column":2},"end":{"line":116,"column":3}},"type":"if","locations":[{"start":{"line":113,"column":2},"end":{"line":116,"column":3}},{"start":{"line":113,"column":2},"end":{"line":116,"column":3}}],"line":113},"3":{"loc":{"start":{"line":115,"column":21},"end":{"line":115,"column":49}},"type":"cond-expr","locations":[{"start":{"line":115,"column":43},"end":{"line":115,"column":45}},{"start":{"line":115,"column":48},"end":{"line":115,"column":49}}],"line":115}},"s":{"0":2,"1":2,"2":2,"3":1,"4":1,"5":1,"6":1,"7":1,"8":1,"9":0,"10":2,"11":2,"12":2,"13":1,"14":1,"15":1,"16":2,"17":0,"18":0,"19":0,"20":0,"21":0,"22":0,"23":0,"24":2,"25":0,"26":0,"27":0,"28":0,"29":0,"30":2,"31":1,"32":2,"33":0,"34":0,"35":0,"36":0,"37":0,"38":0,"39":0,"40":0,"41":0,"42":0,"43":0,"44":0,"45":0,"46":2,"47":0,"48":0,"49":0,"50":0,"51":0,"52":2,"53":1,"54":1,"55":1,"56":0,"57":1,"58":1,"59":0,"60":0,"61":1,"62":1,"63":1,"64":0},"f":{"0":1,"1":2,"2":0,"3":0,"4":0,"5":1,"6":0,"7":0,"8":0,"9":0,"10":1},"b":{"0":[0,0],"1":[0,1],"2":[0,1],"3":[0,0]},"_coverageSchema":"1a1c01bbd47fc00a2c39e90264f33305004495a9","hash":"54ea216ac4b33f5d707a279f4145d2f280e2b5d1"}
,"/Users/nishranjan/NodeProjects/task-management/src/db/mongoose.js": {"path":"/Users/nishranjan/NodeProjects/task-management/src/db/mongoose.js","statementMap":{"0":{"start":{"line":1,"column":17},"end":{"line":1,"column":36}},"1":{"start":{"line":2,"column":15},"end":{"line":2,"column":32}},"2":{"start":{"line":4,"column":18},"end":{"line":12,"column":1}},"3":{"start":{"line":6,"column":15},"end":{"line":10,"column":4}},"4":{"start":{"line":11,"column":2},"end":{"line":11,"column":69}},"5":{"start":{"line":14,"column":0},"end":{"line":14,"column":27}}},"fnMap":{"0":{"name":"(anonymous_0)","decl":{"start":{"line":4,"column":18},"end":{"line":4,"column":19}},"loc":{"start":{"line":4,"column":30},"end":{"line":12,"column":1}},"line":4}},"branchMap":{},"s":{"0":2,"1":2,"2":2,"3":2,"4":2,"5":2},"f":{"0":2},"b":{},"_coverageSchema":"1a1c01bbd47fc00a2c39e90264f33305004495a9","hash":"eccf7726d10573ac65c681d2b3b1db8eb27c1113"}
,"/Users/nishranjan/NodeProjects/task-management/src/emails/account.js": {"path":"/Users/nishranjan/NodeProjects/task-management/src/emails/account.js","statementMap":{"0":{"start":{"line":1,"column":15},"end":{"line":1,"column":40}},"1":{"start":{"line":3,"column":0},"end":{"line":3,"column":47}},"2":{"start":{"line":5,"column":36},"end":{"line":12,"column":1}},"3":{"start":{"line":6,"column":2},"end":{"line":11,"column":5}},"4":{"start":{"line":14,"column":32},"end":{"line":21,"column":1}},"5":{"start":{"line":15,"column":2},"end":{"line":20,"column":5}},"6":{"start":{"line":23,"column":0},"end":{"line":23,"column":73}}},"fnMap":{"0":{"name":"(anonymous_0)","decl":{"start":{"line":5,"column":36},"end":{"line":5,"column":37}},"loc":{"start":{"line":5,"column":53},"end":{"line":12,"column":1}},"line":5},"1":{"name":"(anonymous_1)","decl":{"start":{"line":14,"column":32},"end":{"line":14,"column":33}},"loc":{"start":{"line":14,"column":49},"end":{"line":21,"column":1}},"line":14}},"branchMap":{},"s":{"0":2,"1":2,"2":2,"3":1,"4":2,"5":0,"6":2},"f":{"0":1,"1":0},"b":{},"_coverageSchema":"1a1c01bbd47fc00a2c39e90264f33305004495a9","hash":"59d4799116a69af89d636c9d28e0cf82a6a82698"}
,"/Users/nishranjan/NodeProjects/task-management/src/middleware/auth.js": {"path":"/Users/nishranjan/NodeProjects/task-management/src/middleware/auth.js","statementMap":{"0":{"start":{"line":1,"column":12},"end":{"line":1,"column":35}},"1":{"start":{"line":2,"column":13},"end":{"line":2,"column":38}},"2":{"start":{"line":4,"column":13},"end":{"line":21,"column":1}},"3":{"start":{"line":5,"column":2},"end":{"line":20,"column":3}},"4":{"start":{"line":6,"column":18},"end":{"line":6,"column":68}},"5":{"start":{"line":7,"column":20},"end":{"line":7,"column":61}},"6":{"start":{"line":8,"column":17},"end":{"line":11,"column":6}},"7":{"start":{"line":12,"column":4},"end":{"line":14,"column":5}},"8":{"start":{"line":13,"column":6},"end":{"line":13,"column":24}},"9":{"start":{"line":15,"column":4},"end":{"line":15,"column":22}},"10":{"start":{"line":16,"column":4},"end":{"line":16,"column":20}},"11":{"start":{"line":17,"column":4},"end":{"line":17,"column":11}},"12":{"start":{"line":19,"column":4},"end":{"line":19,"column":59}},"13":{"start":{"line":23,"column":0},"end":{"line":23,"column":22}}},"fnMap":{"0":{"name":"(anonymous_0)","decl":{"start":{"line":4,"column":13},"end":{"line":4,"column":14}},"loc":{"start":{"line":4,"column":39},"end":{"line":21,"column":1}},"line":4}},"branchMap":{"0":{"loc":{"start":{"line":12,"column":4},"end":{"line":14,"column":5}},"type":"if","locations":[{"start":{"line":12,"column":4},"end":{"line":14,"column":5}},{"start":{"line":12,"column":4},"end":{"line":14,"column":5}}],"line":12}},"s":{"0":2,"1":2,"2":2,"3":4,"4":4,"5":3,"6":3,"7":3,"8":0,"9":3,"10":3,"11":3,"12":1,"13":2},"f":{"0":4},"b":{"0":[0,3]},"_coverageSchema":"1a1c01bbd47fc00a2c39e90264f33305004495a9","hash":"838db25e39f1c0ace642bd0051248c8c4c2f81d2"}
,"/Users/nishranjan/NodeProjects/task-management/src/models/task.js": {"path":"/Users/nishranjan/NodeProjects/task-management/src/models/task.js","statementMap":{"0":{"start":{"line":1,"column":17},"end":{"line":1,"column":36}},"1":{"start":{"line":3,"column":19},"end":{"line":25,"column":1}},"2":{"start":{"line":27,"column":0},"end":{"line":27,"column":52}}},"fnMap":{},"branchMap":{},"s":{"0":2,"1":2,"2":2},"f":{},"b":{},"_coverageSchema":"1a1c01bbd47fc00a2c39e90264f33305004495a9","hash":"466c83b08d58032cf68495d4a51c36bbe501c883"}
,"/Users/nishranjan/NodeProjects/task-management/src/models/user.js": {"path":"/Users/nishranjan/NodeProjects/task-management/src/models/user.js","statementMap":{"0":{"start":{"line":1,"column":17},"end":{"line":1,"column":36}},"1":{"start":{"line":2,"column":18},"end":{"line":2,"column":38}},"2":{"start":{"line":3,"column":17},"end":{"line":3,"column":36}},"3":{"start":{"line":4,"column":12},"end":{"line":4,"column":35}},"4":{"start":{"line":5,"column":13},"end":{"line":5,"column":38}},"5":{"start":{"line":7,"column":19},"end":{"line":48,"column":1}},"6":{"start":{"line":17,"column":8},"end":{"line":19,"column":9}},"7":{"start":{"line":18,"column":10},"end":{"line":18,"column":46}},"8":{"start":{"line":27,"column":8},"end":{"line":29,"column":9}},"9":{"start":{"line":28,"column":10},"end":{"line":28,"column":55}},"10":{"start":{"line":51,"column":0},"end":{"line":63,"column":2}},"11":{"start":{"line":52,"column":15},"end":{"line":52,"column":44}},"12":{"start":{"line":53,"column":2},"end":{"line":55,"column":3}},"13":{"start":{"line":54,"column":4},"end":{"line":54,"column":38}},"14":{"start":{"line":57,"column":18},"end":{"line":57,"column":65}},"15":{"start":{"line":59,"column":2},"end":{"line":61,"column":3}},"16":{"start":{"line":60,"column":4},"end":{"line":60,"column":40}},"17":{"start":{"line":62,"column":2},"end":{"line":62,"column":14}},"18":{"start":{"line":65,"column":0},"end":{"line":69,"column":3}},"19":{"start":{"line":71,"column":0},"end":{"line":77,"column":2}},"20":{"start":{"line":72,"column":15},"end":{"line":72,"column":19}},"21":{"start":{"line":73,"column":21},"end":{"line":73,"column":36}},"22":{"start":{"line":74,"column":2},"end":{"line":74,"column":29}},"23":{"start":{"line":75,"column":2},"end":{"line":75,"column":27}},"24":{"start":{"line":76,"column":2},"end":{"line":76,"column":20}},"25":{"start":{"line":80,"column":0},"end":{"line":86,"column":2}},"26":{"start":{"line":81,"column":15},"end":{"line":81,"column":19}},"27":{"start":{"line":82,"column":16},"end":{"line":82,"column":67}},"28":{"start":{"line":83,"column":2},"end":{"line":83,"column":46}},"29":{"start":{"line":84,"column":2},"end":{"line":84,"column":20}},"30":{"start":{"line":85,"column":2},"end":{"line":85,"column":15}},"31":{"start":{"line":89,"column":0},"end":{"line":95,"column":3}},"32":{"start":{"line":90,"column":15},"end":{"line":90,"column":19}},"33":{"start":{"line":91,"column":2},"end":{"line":93,"column":3}},"34":{"start":{"line":92,"column":4},"end":{"line":92,"column":58}},"35":{"start":{"line":94,"column":2},"end":{"line":94,"column":9}},"36":{"start":{"line":97,"column":0},"end":{"line":101,"column":3}},"37":{"start":{"line":98,"column":15},"end":{"line":98,"column":19}},"38":{"start":{"line":99,"column":15},"end":{"line":99,"column":59}},"39":{"start":{"line":100,"column":2},"end":{"line":100,"column":9}},"40":{"start":{"line":103,"column":13},"end":{"line":103,"column":47}},"41":{"start":{"line":104,"column":0},"end":{"line":104,"column":22}}},"fnMap":{"0":{"name":"(anonymous_0)","decl":{"start":{"line":16,"column":6},"end":{"line":16,"column":7}},"loc":{"start":{"line":16,"column":22},"end":{"line":20,"column":7}},"line":16},"1":{"name":"(anonymous_1)","decl":{"start":{"line":26,"column":6},"end":{"line":26,"column":7}},"loc":{"start":{"line":26,"column":22},"end":{"line":30,"column":7}},"line":26},"2":{"name":"(anonymous_2)","decl":{"start":{"line":51,"column":45},"end":{"line":51,"column":46}},"loc":{"start":{"line":51,"column":72},"end":{"line":63,"column":1}},"line":51},"3":{"name":"(anonymous_3)","decl":{"start":{"line":71,"column":28},"end":{"line":71,"column":29}},"loc":{"start":{"line":71,"column":40},"end":{"line":77,"column":1}},"line":71},"4":{"name":"(anonymous_4)","decl":{"start":{"line":80,"column":34},"end":{"line":80,"column":35}},"loc":{"start":{"line":80,"column":52},"end":{"line":86,"column":1}},"line":80},"5":{"name":"(anonymous_5)","decl":{"start":{"line":89,"column":23},"end":{"line":89,"column":24}},"loc":{"start":{"line":89,"column":45},"end":{"line":95,"column":1}},"line":89},"6":{"name":"(anonymous_6)","decl":{"start":{"line":97,"column":25},"end":{"line":97,"column":26}},"loc":{"start":{"line":97,"column":47},"end":{"line":101,"column":1}},"line":97}},"branchMap":{"0":{"loc":{"start":{"line":17,"column":8},"end":{"line":19,"column":9}},"type":"if","locations":[{"start":{"line":17,"column":8},"end":{"line":19,"column":9}},{"start":{"line":17,"column":8},"end":{"line":19,"column":9}}],"line":17},"1":{"loc":{"start":{"line":27,"column":8},"end":{"line":29,"column":9}},"type":"if","locations":[{"start":{"line":27,"column":8},"end":{"line":29,"column":9}},{"start":{"line":27,"column":8},"end":{"line":29,"column":9}}],"line":27},"2":{"loc":{"start":{"line":53,"column":2},"end":{"line":55,"column":3}},"type":"if","locations":[{"start":{"line":53,"column":2},"end":{"line":55,"column":3}},{"start":{"line":53,"column":2},"end":{"line":55,"column":3}}],"line":53},"3":{"loc":{"start":{"line":59,"column":2},"end":{"line":61,"column":3}},"type":"if","locations":[{"start":{"line":59,"column":2},"end":{"line":61,"column":3}},{"start":{"line":59,"column":2},"end":{"line":61,"column":3}}],"line":59},"4":{"loc":{"start":{"line":91,"column":2},"end":{"line":93,"column":3}},"type":"if","locations":[{"start":{"line":91,"column":2},"end":{"line":93,"column":3}},{"start":{"line":91,"column":2},"end":{"line":93,"column":3}}],"line":91}},"s":{"0":2,"1":2,"2":2,"3":2,"4":2,"5":2,"6":9,"7":0,"8":9,"9":0,"10":2,"11":2,"12":2,"13":1,"14":1,"15":1,"16":0,"17":1,"18":2,"19":2,"20":4,"21":4,"22":4,"23":4,"24":4,"25":2,"26":2,"27":2,"28":2,"29":2,"30":2,"31":2,"32":10,"33":10,"34":8,"35":10,"36":2,"37":0,"38":0,"39":0,"40":2,"41":2},"f":{"0":9,"1":9,"2":2,"3":4,"4":2,"5":10,"6":0},"b":{"0":[0,9],"1":[0,9],"2":[1,1],"3":[0,1],"4":[8,2]},"_coverageSchema":"1a1c01bbd47fc00a2c39e90264f33305004495a9","hash":"15638b9e32a5a7d45693cfa85aea3cc69766b82d"}
,"/Users/nishranjan/NodeProjects/task-management/src/routes/userRoutes.js": {"path":"/Users/nishranjan/NodeProjects/task-management/src/routes/userRoutes.js","statementMap":{"0":{"start":{"line":1,"column":16},"end":{"line":1,"column":34}},"1":{"start":{"line":13,"column":4},"end":{"line":13,"column":43}},"2":{"start":{"line":14,"column":15},"end":{"line":14,"column":35}},"3":{"start":{"line":16,"column":13},"end":{"line":16,"column":42}},"4":{"start":{"line":18,"column":0},"end":{"line":26,"column":43}},"5":{"start":{"line":29,"column":0},"end":{"line":29,"column":24}}},"fnMap":{},"branchMap":{},"s":{"0":2,"1":2,"2":2,"3":2,"4":2,"5":2},"f":{},"b":{},"_coverageSchema":"1a1c01bbd47fc00a2c39e90264f33305004495a9","hash":"b6e8fd614d6eaac5df72ac2bcae2954c4f1f072d"}
,"/Users/nishranjan/NodeProjects/task-management/src/tests/fixtures/db.js": {"path":"/Users/nishranjan/NodeProjects/task-management/src/tests/fixtures/db.js","statementMap":{"0":{"start":{"line":1,"column":13},"end":{"line":1,"column":41}},"1":{"start":{"line":2,"column":12},"end":{"line":2,"column":35}},"2":{"start":{"line":3,"column":17},"end":{"line":3,"column":36}},"3":{"start":{"line":5,"column":18},"end":{"line":5,"column":47}},"4":{"start":{"line":7,"column":16},"end":{"line":17,"column":1}},"5":{"start":{"line":19,"column":22},"end":{"line":23,"column":1}},"6":{"start":{"line":21,"column":4},"end":{"line":21,"column":28}},"7":{"start":{"line":22,"column":4},"end":{"line":22,"column":35}},"8":{"start":{"line":25,"column":0},"end":{"line":25,"column":53}}},"fnMap":{"0":{"name":"(anonymous_0)","decl":{"start":{"line":19,"column":22},"end":{"line":19,"column":23}},"loc":{"start":{"line":19,"column":33},"end":{"line":23,"column":1}},"line":19}},"branchMap":{},"s":{"0":2,"1":2,"2":2,"3":2,"4":2,"5":2,"6":7,"7":7,"8":2},"f":{"0":7},"b":{},"_coverageSchema":"1a1c01bbd47fc00a2c39e90264f33305004495a9","hash":"d8a0c51404ef16153ac0dbdbc79bf862269d9d95"}
}
