TN:
SF:src/app.js
FNF:0
FNH:0
DA:1,2
DA:2,2
DA:3,2
DA:5,2
DA:6,2
DA:7,2
DA:9,2
DA:10,2
DA:12,2
DA:21,2
DA:23,2
DA:24,2
DA:26,2
LF:13
LH:13
BRF:0
BRH:0
end_of_record
TN:
SF:src/controller/userController.js
FN:4,(anonymous_0)
FN:16,(anonymous_1)
FN:31,(anonymous_2)
FN:34,(anonymous_3)
FN:45,(anonymous_4)
FN:55,(anonymous_5)
FN:70,(anonymous_6)
FN:73,(anonymous_7)
FN:82,(anonymous_8)
FN:91,(anonymous_9)
FN:102,(anonymous_10)
FNF:11
FNH:4
FNDA:1,(anonymous_0)
FNDA:2,(anonymous_1)
FNDA:0,(anonymous_2)
FNDA:0,(anonymous_3)
FNDA:0,(anonymous_4)
FNDA:1,(anonymous_5)
FNDA:0,(anonymous_6)
FNDA:0,(anonymous_7)
FNDA:0,(anonymous_8)
FNDA:0,(anonymous_9)
FNDA:1,(anonymous_10)
DA:1,2
DA:2,2
DA:4,2
DA:5,1
DA:6,1
DA:7,1
DA:8,1
DA:9,1
DA:10,1
DA:12,0
DA:16,2
DA:17,2
DA:19,2
DA:23,1
DA:25,1
DA:27,1
DA:31,2
DA:32,0
DA:33,0
DA:34,0
DA:37,0
DA:38,0
DA:39,0
DA:41,0
DA:45,2
DA:46,0
DA:47,0
DA:48,0
DA:49,0
DA:51,0
DA:55,2
DA:56,1
DA:70,2
DA:71,0
DA:72,0
DA:73,0
DA:74,0
DA:77,0
DA:78,0
DA:80,0
DA:81,0
DA:82,0
DA:83,0
DA:85,0
DA:87,0
DA:91,2
DA:92,0
DA:93,0
DA:94,0
DA:95,0
DA:97,0
DA:102,2
DA:103,1
DA:104,1
DA:105,1
DA:106,0
DA:108,1
DA:113,1
DA:114,0
DA:115,0
DA:118,1
DA:119,1
DA:130,1
DA:132,0
LF:64
LH:30
BRDA:77,0,0,0
BRDA:77,0,1,0
BRDA:105,1,0,0
BRDA:105,1,1,1
BRDA:113,2,0,0
BRDA:113,2,1,1
BRDA:115,3,0,0
BRDA:115,3,1,0
BRF:8
BRH:2
end_of_record
TN:
SF:src/db/mongoose.js
FN:4,(anonymous_0)
FNF:1
FNH:1
FNDA:2,(anonymous_0)
DA:1,2
DA:2,2
DA:4,2
DA:6,2
DA:11,2
DA:14,2
LF:6
LH:6
BRF:0
BRH:0
end_of_record
TN:
SF:src/emails/account.js
FN:5,(anonymous_0)
FN:14,(anonymous_1)
FNF:2
FNH:1
FNDA:1,(anonymous_0)
FNDA:0,(anonymous_1)
DA:1,2
DA:3,2
DA:5,2
DA:6,1
DA:14,2
DA:15,0
DA:23,2
LF:7
LH:6
BRF:0
BRH:0
end_of_record
TN:
SF:src/middleware/authenticate.js
FN:4,(anonymous_0)
FNF:1
FNH:1
FNDA:4,(anonymous_0)
DA:1,2
DA:2,2
DA:4,2
DA:5,4
DA:6,4
DA:7,3
DA:8,3
DA:12,3
DA:13,0
DA:15,3
DA:16,3
DA:17,3
DA:19,1
DA:23,2
LF:14
LH:13
BRDA:12,0,0,0
BRDA:12,0,1,3
BRF:2
BRH:1
end_of_record
TN:
SF:src/models/task.js
FNF:0
FNH:0
DA:1,2
DA:3,2
DA:27,2
LF:3
LH:3
BRF:0
BRH:0
end_of_record
TN:
SF:src/models/user.js
FN:16,(anonymous_0)
FN:26,(anonymous_1)
FN:51,(anonymous_2)
FN:71,(anonymous_3)
FN:80,(anonymous_4)
FN:89,(anonymous_5)
FN:97,(anonymous_6)
FNF:7
FNH:6
FNDA:9,(anonymous_0)
FNDA:9,(anonymous_1)
FNDA:2,(anonymous_2)
FNDA:4,(anonymous_3)
FNDA:2,(anonymous_4)
FNDA:10,(anonymous_5)
FNDA:0,(anonymous_6)
DA:1,2
DA:2,2
DA:3,2
DA:4,2
DA:5,2
DA:7,2
DA:17,9
DA:18,0
DA:27,9
DA:28,0
DA:51,2
DA:52,2
DA:53,2
DA:54,1
DA:57,1
DA:59,1
DA:60,0
DA:62,1
DA:65,2
DA:71,2
DA:72,4
DA:73,4
DA:74,4
DA:75,4
DA:76,4
DA:80,2
DA:81,2
DA:82,2
DA:83,2
DA:84,2
DA:85,2
DA:89,2
DA:90,10
DA:91,10
DA:92,8
DA:94,10
DA:97,2
DA:98,0
DA:99,0
DA:100,0
DA:103,2
DA:104,2
LF:42
LH:36
BRDA:17,0,0,0
BRDA:17,0,1,9
BRDA:27,1,0,0
BRDA:27,1,1,9
BRDA:53,2,0,1
BRDA:53,2,1,1
BRDA:59,3,0,0
BRDA:59,3,1,1
BRDA:91,4,0,8
BRDA:91,4,1,2
BRF:10
BRH:7
end_of_record
TN:
SF:src/routes/userRoutes.js
FNF:0
FNH:0
DA:1,2
DA:13,2
DA:14,2
DA:16,2
DA:18,2
DA:29,2
LF:6
LH:6
BRF:0
BRH:0
end_of_record
TN:
SF:src/tests/fixtures/db.js
FN:19,(anonymous_0)
FNF:1
FNH:1
FNDA:7,(anonymous_0)
DA:1,2
DA:2,2
DA:3,2
DA:5,2
DA:7,2
DA:19,2
DA:21,7
DA:22,7
DA:25,2
LF:9
LH:9
BRF:0
BRH:0
end_of_record
